000 (130148.000.000) 2024-03-20 23:20:54 Job submitted from host: <128.105.68.112:9618?addrs=128.105.68.112-9618+[2607-f388-2200-100-eaeb-d3ff-fea3-4202]-9618&alias=ap2001.chtc.wisc.edu&noUDP&sock=schedd_7724_999b>
...
040 (130148.000.000) 2024-03-20 23:21:04 Started transferring input files
	Transferring to host: <128.105.69.192:9618?addrs=128.105.69.192-9618+[2607-f388-2200-100-1270-fdff-fe56-bc04]-9618&alias=build4002.chtc.wisc.edu&noUDP&sock=interactive3_1_1237677_2973_61317>
...
040 (130148.000.000) 2024-03-20 23:21:04 Finished transferring input files
...
001 (130148.000.000) 2024-03-20 23:21:04 Job executing on host: <128.105.69.192:9618?addrs=128.105.69.192-9618+[2607-f388-2200-100-1270-fdff-fe56-bc04]-9618&alias=build4002.chtc.wisc.edu&noUDP&sock=startd_2072560_59af>
	SlotName: interactive3_1@build4002.chtc.wisc.edu
	CondorScratchDir = "/var/lib/condor/execute/slot3/dir_724972"
	Cpus = 1
	Disk = 27422600
	GPUs = 0
	IoHeavy = 0
	Memory = 25600
...
006 (130148.000.000) 2024-03-20 23:21:13 Image size of job updated: 1500
	1  -  MemoryUsage of job (MB)
	56  -  ResidentSetSize of job (KB)
...
006 (130148.000.000) 2024-03-20 23:21:20 Image size of job updated: 3600
	5  -  MemoryUsage of job (MB)
	4384  -  ResidentSetSize of job (KB)
...
006 (130148.000.000) 2024-03-20 23:26:14 Image size of job updated: 3753144
	2994  -  MemoryUsage of job (MB)
	3065272  -  ResidentSetSize of job (KB)
...
040 (130148.000.000) 2024-03-20 23:26:14 Started transferring output files
...
040 (130148.000.000) 2024-03-20 23:26:14 Finished transferring output files
...
005 (130148.000.000) 2024-03-20 23:26:21 Job terminated.
	(1) Normal termination (return value 255)
		Usr 0 00:00:42, Sys 0 00:00:18  -  Run Remote Usage
		Usr 0 00:00:00, Sys 0 00:00:00  -  Run Local Usage
		Usr 0 00:00:42, Sys 0 00:00:18  -  Total Remote Usage
		Usr 0 00:00:00, Sys 0 00:00:00  -  Total Local Usage
	113  -  Run Bytes Sent By Job
	84239352  -  Run Bytes Received By Job
	113  -  Total Bytes Sent By Job
	84239352  -  Total Bytes Received By Job
	Partitionable Resources :    Usage  Request Allocated 
	   Cpus                 :        0        1         1 
	   Disk (KB)            :  4141156 26214400  27422600 
	   GPUs                 :                           0 
	   IoHeavy              :                           0 
	   Memory (MB)          :     2994    25600     25600 
	   TimeExecute (s)      :      309                    
	   TimeSlotBusy (s)     :      312                    

	Job terminated of its own accord at 2024-03-21T04:21:20Z with signal 15.
...
