000 (130205.000.000) 2024-03-21 10:47:53 Job submitted from host: <128.105.68.112:9618?addrs=128.105.68.112-9618+[2607-f388-2200-100-eaeb-d3ff-fea3-4202]-9618&alias=ap2001.chtc.wisc.edu&noUDP&sock=schedd_7724_999b>
...
040 (130205.000.000) 2024-03-21 10:47:56 Started transferring input files
	Transferring to host: <128.105.69.192:9618?addrs=128.105.69.192-9618+[2607-f388-2200-100-1270-fdff-fe56-bc04]-9618&alias=build4002.chtc.wisc.edu&noUDP&sock=interactive3_1_1237677_2973_64180>
...
040 (130205.000.000) 2024-03-21 10:47:56 Finished transferring input files
...
001 (130205.000.000) 2024-03-21 10:47:56 Job executing on host: <128.105.69.192:9618?addrs=128.105.69.192-9618+[2607-f388-2200-100-1270-fdff-fe56-bc04]-9618&alias=build4002.chtc.wisc.edu&noUDP&sock=startd_2072560_59af>
	SlotName: interactive3_1@build4002.chtc.wisc.edu
	CondorScratchDir = "/var/lib/condor/execute/slot3/dir_2118190"
	Cpus = 1
	Disk = 27422600
	GPUs = 0
	IoHeavy = 0
	Memory = 25600
...
006 (130205.000.000) 2024-03-21 10:48:05 Image size of job updated: 1500
	1  -  MemoryUsage of job (MB)
	52  -  ResidentSetSize of job (KB)
...
006 (130205.000.000) 2024-03-21 10:48:06 Image size of job updated: 3256
	4  -  MemoryUsage of job (MB)
	3844  -  ResidentSetSize of job (KB)
...
006 (130205.000.000) 2024-03-21 10:51:21 Image size of job updated: 3744540
	2994  -  MemoryUsage of job (MB)
	3065692  -  ResidentSetSize of job (KB)
...
040 (130205.000.000) 2024-03-21 10:51:21 Started transferring output files
...
040 (130205.000.000) 2024-03-21 10:51:21 Finished transferring output files
...
005 (130205.000.000) 2024-03-21 10:51:21 Job terminated.
	(1) Normal termination (return value 255)
		Usr 0 00:00:46, Sys 0 00:00:18  -  Run Remote Usage
		Usr 0 00:00:00, Sys 0 00:00:00  -  Run Local Usage
		Usr 0 00:00:46, Sys 0 00:00:18  -  Total Remote Usage
		Usr 0 00:00:00, Sys 0 00:00:00  -  Total Local Usage
	28369  -  Run Bytes Sent By Job
	84268064  -  Run Bytes Received By Job
	28369  -  Total Bytes Sent By Job
	84268064  -  Total Bytes Received By Job
	Partitionable Resources :    Usage  Request Allocated 
	   Cpus                 :        0        1         1 
	   Disk (KB)            :  4141612 26214400  27422600 
	   GPUs                 :                           0 
	   IoHeavy              :                           0 
	   Memory (MB)          :     2994    25600     25600 
	   TimeExecute (s)      :      205                    
	   TimeSlotBusy (s)     :      205                    

	Job terminated of its own accord at 2024-03-21T15:48:06Z with signal 15.
...
