000 (130177.000.000) 2024-03-21 09:19:28 Job submitted from host: <128.105.68.112:9618?addrs=128.105.68.112-9618+[2607-f388-2200-100-eaeb-d3ff-fea3-4202]-9618&alias=ap2001.chtc.wisc.edu&noUDP&sock=schedd_7724_999b>
...
040 (130177.000.000) 2024-03-21 09:19:30 Started transferring input files
	Transferring to host: <128.105.69.192:9618?addrs=128.105.69.192-9618+[2607-f388-2200-100-1270-fdff-fe56-bc04]-9618&alias=build4002.chtc.wisc.edu&noUDP&sock=interactive3_1_1237677_2973_63864>
...
040 (130177.000.000) 2024-03-21 09:19:31 Finished transferring input files
...
001 (130177.000.000) 2024-03-21 09:19:31 Job executing on host: <128.105.69.192:9618?addrs=128.105.69.192-9618+[2607-f388-2200-100-1270-fdff-fe56-bc04]-9618&alias=build4002.chtc.wisc.edu&noUDP&sock=startd_2072560_59af>
	SlotName: interactive3_1@build4002.chtc.wisc.edu
	CondorScratchDir = "/var/lib/condor/execute/slot3/dir_823378"
	Cpus = 1
	Disk = 27422600
	GPUs = 0
	IoHeavy = 0
	Memory = 25600
...
006 (130177.000.000) 2024-03-21 09:19:39 Image size of job updated: 1500
	0  -  MemoryUsage of job (MB)
	0  -  ResidentSetSize of job (KB)
...
006 (130177.000.000) 2024-03-21 09:19:41 Image size of job updated: 4140
	5  -  MemoryUsage of job (MB)
	4920  -  ResidentSetSize of job (KB)
...
006 (130177.000.000) 2024-03-21 09:21:18 Image size of job updated: 3735880
	2996  -  MemoryUsage of job (MB)
	3067356  -  ResidentSetSize of job (KB)
...
040 (130177.000.000) 2024-03-21 09:21:18 Started transferring output files
...
040 (130177.000.000) 2024-03-21 09:21:19 Finished transferring output files
...
005 (130177.000.000) 2024-03-21 09:21:20 Job terminated.
	(1) Normal termination (return value 255)
		Usr 0 00:00:53, Sys 0 00:00:21  -  Run Remote Usage
		Usr 0 00:00:00, Sys 0 00:00:00  -  Run Local Usage
		Usr 0 00:00:53, Sys 0 00:00:21  -  Total Remote Usage
		Usr 0 00:00:00, Sys 0 00:00:00  -  Total Local Usage
	28369  -  Run Bytes Sent By Job
	84254824  -  Run Bytes Received By Job
	28369  -  Total Bytes Sent By Job
	84254824  -  Total Bytes Received By Job
	Partitionable Resources :      Usage  Request Allocated 
	   Cpus                 :       0.63        1         1 
	   Disk (KB)            : 4141612    26214400  27422600 
	   GPUs                 :                             0 
	   IoHeavy              :                             0 
	   Memory (MB)          :    2996       25600     25600 
	   TimeExecute (s)      :     106                       
	   TimeSlotBusy (s)     :     110                       

	Job terminated of its own accord at 2024-03-21T14:19:41Z with signal 15.
...
