000 (130157.000.000) 2024-03-20 23:43:00 Job submitted from host: <128.105.68.112:9618?addrs=128.105.68.112-9618+[2607-f388-2200-100-eaeb-d3ff-fea3-4202]-9618&alias=ap2001.chtc.wisc.edu&noUDP&sock=schedd_7724_999b>
...
040 (130157.000.000) 2024-03-20 23:43:02 Started transferring input files
	Transferring to host: <128.105.69.192:9618?addrs=128.105.69.192-9618+[2607-f388-2200-100-1270-fdff-fe56-bc04]-9618&alias=build4002.chtc.wisc.edu&noUDP&sock=interactive3_1_1237677_2973_61438>
...
040 (130157.000.000) 2024-03-20 23:43:02 Finished transferring input files
...
001 (130157.000.000) 2024-03-20 23:43:02 Job executing on host: <128.105.69.192:9618?addrs=128.105.69.192-9618+[2607-f388-2200-100-1270-fdff-fe56-bc04]-9618&alias=build4002.chtc.wisc.edu&noUDP&sock=startd_2072560_59af>
	SlotName: interactive3_1@build4002.chtc.wisc.edu
	CondorScratchDir = "/var/lib/condor/execute/slot3/dir_1138204"
	Cpus = 1
	Disk = 27422600
	GPUs = 0
	IoHeavy = 0
	Memory = 25600
...
006 (130157.000.000) 2024-03-20 23:43:11 Image size of job updated: 1500
	1  -  MemoryUsage of job (MB)
	244  -  ResidentSetSize of job (KB)
...
006 (130157.000.000) 2024-03-20 23:43:14 Image size of job updated: 4132
	5  -  MemoryUsage of job (MB)
	5120  -  ResidentSetSize of job (KB)
...
006 (130157.000.000) 2024-03-20 23:48:12 Image size of job updated: 3749204
	2998  -  MemoryUsage of job (MB)
	3069600  -  ResidentSetSize of job (KB)
...
006 (130157.000.000) 2024-03-20 23:53:12 Image size of job updated: 3749204
	3002  -  MemoryUsage of job (MB)
	3073224  -  ResidentSetSize of job (KB)
...
006 (130157.000.000) 2024-03-21 00:03:13 Image size of job updated: 3749204
	3002  -  MemoryUsage of job (MB)
	3073252  -  ResidentSetSize of job (KB)
...
006 (130157.000.000) 2024-03-21 00:08:14 Image size of job updated: 3749204
	3002  -  MemoryUsage of job (MB)
	3073280  -  ResidentSetSize of job (KB)
...
040 (130157.000.000) 2024-03-21 00:13:10 Started transferring output files
...
040 (130157.000.000) 2024-03-21 00:13:10 Finished transferring output files
...
005 (130157.000.000) 2024-03-21 00:13:11 Job terminated.
	(1) Normal termination (return value 255)
		Usr 0 00:00:55, Sys 0 00:00:23  -  Run Remote Usage
		Usr 0 00:00:00, Sys 0 00:00:00  -  Run Local Usage
		Usr 0 00:00:55, Sys 0 00:00:23  -  Total Remote Usage
		Usr 0 00:00:00, Sys 0 00:00:00  -  Total Local Usage
	13354  -  Run Bytes Sent By Job
	84239336  -  Run Bytes Received By Job
	13354  -  Total Bytes Sent By Job
	84239336  -  Total Bytes Received By Job
	Partitionable Resources :    Usage  Request Allocated 
	   Cpus                 :        0        1         1 
	   Disk (KB)            :  4141262 26214400  27422600 
	   GPUs                 :                           0 
	   IoHeavy              :                           0 
	   Memory (MB)          :     3002    25600     25600 
	   TimeExecute (s)      :     1808                    
	   TimeSlotBusy (s)     :     1809                    

	Job terminated of its own accord at 2024-03-21T04:43:14Z with signal 15.
...
