000 (130155.000.000) 2024-03-20 23:37:07 Job submitted from host: <128.105.68.112:9618?addrs=128.105.68.112-9618+[2607-f388-2200-100-eaeb-d3ff-fea3-4202]-9618&alias=ap2001.chtc.wisc.edu&noUDP&sock=schedd_7724_999b>
...
040 (130155.000.000) 2024-03-20 23:37:13 Started transferring input files
	Transferring to host: <128.105.69.192:9618?addrs=128.105.69.192-9618+[2607-f388-2200-100-1270-fdff-fe56-bc04]-9618&alias=build4002.chtc.wisc.edu&noUDP&sock=interactive3_1_1237677_2973_61407>
...
040 (130155.000.000) 2024-03-20 23:37:13 Finished transferring input files
...
001 (130155.000.000) 2024-03-20 23:37:13 Job executing on host: <128.105.69.192:9618?addrs=128.105.69.192-9618+[2607-f388-2200-100-1270-fdff-fe56-bc04]-9618&alias=build4002.chtc.wisc.edu&noUDP&sock=startd_2072560_59af>
	SlotName: interactive3_1@build4002.chtc.wisc.edu
	CondorScratchDir = "/var/lib/condor/execute/slot3/dir_1048916"
	Cpus = 1
	Disk = 27422600
	GPUs = 0
	IoHeavy = 0
	Memory = 25600
...
006 (130155.000.000) 2024-03-20 23:37:22 Image size of job updated: 1500
	0  -  MemoryUsage of job (MB)
	0  -  ResidentSetSize of job (KB)
...
006 (130155.000.000) 2024-03-20 23:37:26 Image size of job updated: 3196
	5  -  MemoryUsage of job (MB)
	4128  -  ResidentSetSize of job (KB)
...
006 (130155.000.000) 2024-03-20 23:39:31 Image size of job updated: 3704580
	2996  -  MemoryUsage of job (MB)
	3066940  -  ResidentSetSize of job (KB)
...
040 (130155.000.000) 2024-03-20 23:39:31 Started transferring output files
...
040 (130155.000.000) 2024-03-20 23:39:31 Finished transferring output files
...
005 (130155.000.000) 2024-03-20 23:39:32 Job terminated.
	(1) Normal termination (return value 255)
		Usr 0 00:00:56, Sys 0 00:00:20  -  Run Remote Usage
		Usr 0 00:00:00, Sys 0 00:00:00  -  Run Local Usage
		Usr 0 00:00:56, Sys 0 00:00:20  -  Total Remote Usage
		Usr 0 00:00:00, Sys 0 00:00:00  -  Total Local Usage
	113  -  Run Bytes Sent By Job
	84239432  -  Run Bytes Received By Job
	113  -  Total Bytes Sent By Job
	84239432  -  Total Bytes Received By Job
	Partitionable Resources :      Usage  Request Allocated 
	   Cpus                 :       0.01        1         1 
	   Disk (KB)            : 4141227    26214400  27422600 
	   GPUs                 :                             0 
	   IoHeavy              :                             0 
	   Memory (MB)          :    2996       25600     25600 
	   TimeExecute (s)      :     138                       
	   TimeSlotBusy (s)     :     139                       

	Job terminated of its own accord at 2024-03-21T04:37:26Z with signal 15.
...
