000 (130181.000.000) 2024-03-21 09:56:03 Job submitted from host: <128.105.68.112:9618?addrs=128.105.68.112-9618+[2607-f388-2200-100-eaeb-d3ff-fea3-4202]-9618&alias=ap2001.chtc.wisc.edu&noUDP&sock=schedd_7724_999b>
...
040 (130181.000.000) 2024-03-21 09:56:08 Started transferring input files
	Transferring to host: <128.105.69.192:9618?addrs=128.105.69.192-9618+[2607-f388-2200-100-1270-fdff-fe56-bc04]-9618&alias=build4002.chtc.wisc.edu&noUDP&sock=interactive3_1_1237677_2973_63998>
...
040 (130181.000.000) 2024-03-21 09:56:08 Finished transferring input files
...
001 (130181.000.000) 2024-03-21 09:56:08 Job executing on host: <128.105.69.192:9618?addrs=128.105.69.192-9618+[2607-f388-2200-100-1270-fdff-fe56-bc04]-9618&alias=build4002.chtc.wisc.edu&noUDP&sock=startd_2072560_59af>
	SlotName: interactive3_1@build4002.chtc.wisc.edu
	CondorScratchDir = "/var/lib/condor/execute/slot3/dir_1397211"
	Cpus = 1
	Disk = 27422600
	GPUs = 0
	IoHeavy = 0
	Memory = 25600
...
006 (130181.000.000) 2024-03-21 09:56:17 Image size of job updated: 1500
	1  -  MemoryUsage of job (MB)
	272  -  ResidentSetSize of job (KB)
...
006 (130181.000.000) 2024-03-21 09:56:22 Image size of job updated: 3272
	5  -  MemoryUsage of job (MB)
	4408  -  ResidentSetSize of job (KB)
...
006 (130181.000.000) 2024-03-21 09:58:01 Image size of job updated: 3744164
	2994  -  MemoryUsage of job (MB)
	3065644  -  ResidentSetSize of job (KB)
...
040 (130181.000.000) 2024-03-21 09:58:01 Started transferring output files
...
040 (130181.000.000) 2024-03-21 09:58:01 Finished transferring output files
...
005 (130181.000.000) 2024-03-21 09:58:01 Job terminated.
	(1) Normal termination (return value 255)
		Usr 0 00:00:55, Sys 0 00:00:21  -  Run Remote Usage
		Usr 0 00:00:00, Sys 0 00:00:00  -  Run Local Usage
		Usr 0 00:00:55, Sys 0 00:00:21  -  Total Remote Usage
		Usr 0 00:00:00, Sys 0 00:00:00  -  Total Local Usage
	28369  -  Run Bytes Sent By Job
	84268064  -  Run Bytes Received By Job
	28369  -  Total Bytes Sent By Job
	84268064  -  Total Bytes Received By Job
	Partitionable Resources :      Usage  Request Allocated 
	   Cpus                 :       0.05        1         1 
	   Disk (KB)            : 4141585    26214400  27422600 
	   GPUs                 :                             0 
	   IoHeavy              :                             0 
	   Memory (MB)          :    2994       25600     25600 
	   TimeExecute (s)      :     112                       
	   TimeSlotBusy (s)     :     113                       

	Job terminated of its own accord at 2024-03-21T14:56:22Z with signal 15.
...
