000 (130255.000.000) 2024-03-21 14:50:23 Job submitted from host: <128.105.68.112:9618?addrs=128.105.68.112-9618+[2607-f388-2200-100-eaeb-d3ff-fea3-4202]-9618&alias=ap2001.chtc.wisc.edu&noUDP&sock=schedd_902497_7439>
...
040 (130255.000.000) 2024-03-21 14:50:30 Started transferring input files
	Transferring to host: <128.105.69.192:9618?addrs=128.105.69.192-9618+[2607-f388-2200-100-1270-fdff-fe56-bc04]-9618&alias=build4002.chtc.wisc.edu&noUDP&sock=interactive3_1_1237677_2973_65021>
...
040 (130255.000.000) 2024-03-21 14:50:31 Finished transferring input files
...
001 (130255.000.000) 2024-03-21 14:50:31 Job executing on host: <128.105.69.192:9618?addrs=128.105.69.192-9618+[2607-f388-2200-100-1270-fdff-fe56-bc04]-9618&alias=build4002.chtc.wisc.edu&noUDP&sock=startd_2072560_59af>
	SlotName: interactive3_1@build4002.chtc.wisc.edu
	CondorScratchDir = "/var/lib/condor/execute/slot3/dir_1264727"
	Cpus = 1
	Disk = 27422600
	GPUs = 0
	IoHeavy = 0
	Memory = 25600
...
006 (130255.000.000) 2024-03-21 14:50:39 Image size of job updated: 1500
	0  -  MemoryUsage of job (MB)
	0  -  ResidentSetSize of job (KB)
...
006 (130255.000.000) 2024-03-21 14:50:42 Image size of job updated: 2764
	4  -  MemoryUsage of job (MB)
	3972  -  ResidentSetSize of job (KB)
...
006 (130255.000.000) 2024-03-21 14:55:36 Image size of job updated: 3746908
	2998  -  MemoryUsage of job (MB)
	3069016  -  ResidentSetSize of job (KB)
...
040 (130255.000.000) 2024-03-21 14:55:36 Started transferring output files
...
040 (130255.000.000) 2024-03-21 14:55:36 Finished transferring output files
...
005 (130255.000.000) 2024-03-21 14:55:37 Job terminated.
	(1) Normal termination (return value 255)
		Usr 0 00:01:14, Sys 0 00:00:24  -  Run Remote Usage
		Usr 0 00:00:00, Sys 0 00:00:00  -  Run Local Usage
		Usr 0 00:01:14, Sys 0 00:00:24  -  Total Remote Usage
		Usr 0 00:00:00, Sys 0 00:00:00  -  Total Local Usage
	31663  -  Run Bytes Sent By Job
	84268056  -  Run Bytes Received By Job
	31663  -  Total Bytes Sent By Job
	84268056  -  Total Bytes Received By Job
	Partitionable Resources :      Usage  Request Allocated 
	   Cpus                 :       0.02        1         1 
	   Disk (KB)            : 4144061    26214400  27422600 
	   GPUs                 :                             0 
	   IoHeavy              :                             0 
	   Memory (MB)          :    2998       25600     25600 
	   TimeExecute (s)      :     305                       
	   TimeSlotBusy (s)     :     307                       

	Job terminated of its own accord at 2024-03-21T19:50:42Z with signal 15.
...
