000 (130179.000.000) 2024-03-21 09:22:09 Job submitted from host: <128.105.68.112:9618?addrs=128.105.68.112-9618+[2607-f388-2200-100-eaeb-d3ff-fea3-4202]-9618&alias=ap2001.chtc.wisc.edu&noUDP&sock=schedd_7724_999b>
...
040 (130179.000.000) 2024-03-21 09:22:13 Started transferring input files
	Transferring to host: <128.105.69.192:9618?addrs=128.105.69.192-9618+[2607-f388-2200-100-1270-fdff-fe56-bc04]-9618&alias=build4002.chtc.wisc.edu&noUDP&sock=interactive3_1_1237677_2973_63873>
...
040 (130179.000.000) 2024-03-21 09:22:14 Finished transferring input files
...
001 (130179.000.000) 2024-03-21 09:22:14 Job executing on host: <128.105.69.192:9618?addrs=128.105.69.192-9618+[2607-f388-2200-100-1270-fdff-fe56-bc04]-9618&alias=build4002.chtc.wisc.edu&noUDP&sock=startd_2072560_59af>
	SlotName: interactive3_1@build4002.chtc.wisc.edu
	CondorScratchDir = "/var/lib/condor/execute/slot3/dir_861993"
	Cpus = 1
	Disk = 27422600
	GPUs = 0
	IoHeavy = 0
	Memory = 25600
...
006 (130179.000.000) 2024-03-21 09:22:22 Image size of job updated: 1500
	1  -  MemoryUsage of job (MB)
	244  -  ResidentSetSize of job (KB)
...
006 (130179.000.000) 2024-03-21 09:22:27 Image size of job updated: 3304
	5  -  MemoryUsage of job (MB)
	4676  -  ResidentSetSize of job (KB)
...
006 (130179.000.000) 2024-03-21 09:27:23 Image size of job updated: 3739424
	2997  -  MemoryUsage of job (MB)
	3068700  -  ResidentSetSize of job (KB)
...
006 (130179.000.000) 2024-03-21 09:52:25 Image size of job updated: 3739424
	3001  -  MemoryUsage of job (MB)
	3072356  -  ResidentSetSize of job (KB)
...
040 (130179.000.000) 2024-03-21 09:53:18 Started transferring output files
...
040 (130179.000.000) 2024-03-21 09:53:18 Finished transferring output files
...
005 (130179.000.000) 2024-03-21 09:53:19 Job terminated.
	(1) Normal termination (return value 255)
		Usr 0 00:00:57, Sys 0 00:00:22  -  Run Remote Usage
		Usr 0 00:00:00, Sys 0 00:00:00  -  Run Local Usage
		Usr 0 00:00:57, Sys 0 00:00:22  -  Total Remote Usage
		Usr 0 00:00:00, Sys 0 00:00:00  -  Total Local Usage
	28369  -  Run Bytes Sent By Job
	84268064  -  Run Bytes Received By Job
	28369  -  Total Bytes Sent By Job
	84268064  -  Total Bytes Received By Job
	Partitionable Resources :    Usage  Request Allocated 
	   Cpus                 :        0        1         1 
	   Disk (KB)            :  4141582 26214400  27422600 
	   GPUs                 :                           0 
	   IoHeavy              :                           0 
	   Memory (MB)          :     3001    25600     25600 
	   TimeExecute (s)      :     1864                    
	   TimeSlotBusy (s)     :     1866                    

	Job terminated of its own accord at 2024-03-21T14:22:27Z with signal 15.
...
