000 (130170.000.000) 2024-03-21 01:05:23 Job submitted from host: <128.105.68.112:9618?addrs=128.105.68.112-9618+[2607-f388-2200-100-eaeb-d3ff-fea3-4202]-9618&alias=ap2001.chtc.wisc.edu&noUDP&sock=schedd_7724_999b>
...
040 (130170.000.000) 2024-03-21 01:38:32 Started transferring input files
	Transferring to host: <128.105.69.53:9618?addrs=128.105.69.53-9618&alias=herringa2001.chtc.wisc.edu&noUDP&sock=slot1_37_3645324_4785_44990>
...
040 (130170.000.000) 2024-03-21 01:38:32 Finished transferring input files
...
001 (130170.000.000) 2024-03-21 01:38:32 Job executing on host: <128.105.69.53:9618?addrs=128.105.69.53-9618&alias=herringa2001.chtc.wisc.edu&noUDP&sock=startd_19031_42f4>
	SlotName: slot1_37@herringa2001.chtc.wisc.edu
	CondorScratchDir = "/var/lib/condor/execute/slot1/dir_939075"
	Cpus = 1
	Disk = 29441095
	GPUs = 0
	Memory = 25600
...
006 (130170.000.000) 2024-03-21 01:38:41 Image size of job updated: 1649952
	1036  -  MemoryUsage of job (MB)
	1060200  -  ResidentSetSize of job (KB)
...
006 (130170.000.000) 2024-03-21 01:39:15 Image size of job updated: 3728328
	2987  -  MemoryUsage of job (MB)
	3058128  -  ResidentSetSize of job (KB)
...
040 (130170.000.000) 2024-03-21 01:39:15 Started transferring output files
...
040 (130170.000.000) 2024-03-21 01:39:15 Finished transferring output files
...
005 (130170.000.000) 2024-03-21 01:39:16 Job terminated.
	(1) Normal termination (return value 1)
		Usr 0 00:00:31, Sys 0 00:00:14  -  Run Remote Usage
		Usr 0 00:00:00, Sys 0 00:00:00  -  Run Local Usage
		Usr 0 00:00:31, Sys 0 00:00:14  -  Total Remote Usage
		Usr 0 00:00:00, Sys 0 00:00:00  -  Total Local Usage
	63787  -  Run Bytes Sent By Job
	84241584  -  Run Bytes Received By Job
	63787  -  Total Bytes Sent By Job
	84241584  -  Total Bytes Received By Job
	Partitionable Resources :      Usage  Request Allocated 
	   Cpus                 :       0.90        1         1 
	   Disk (KB)            : 4141304    26214400  29441095 
	   GPUs                 :                             0 
	   Memory (MB)          :    2987       25600     25600 
	   TimeExecute (s)      :      43                       
	   TimeSlotBusy (s)     :      44                       

	Job terminated of its own accord at 2024-03-21T06:39:15Z with exit-code 1.
...
