000 (130167.000.000) 2024-03-21 00:20:13 Job submitted from host: <128.105.68.112:9618?addrs=128.105.68.112-9618+[2607-f388-2200-100-eaeb-d3ff-fea3-4202]-9618&alias=ap2001.chtc.wisc.edu&noUDP&sock=schedd_7724_999b>
...
040 (130167.000.000) 2024-03-21 00:20:20 Started transferring input files
	Transferring to host: <128.105.69.192:9618?addrs=128.105.69.192-9618+[2607-f388-2200-100-1270-fdff-fe56-bc04]-9618&alias=build4002.chtc.wisc.edu&noUDP&sock=interactive3_1_1237677_2973_61685>
...
040 (130167.000.000) 2024-03-21 00:20:20 Finished transferring input files
...
001 (130167.000.000) 2024-03-21 00:20:20 Job executing on host: <128.105.69.192:9618?addrs=128.105.69.192-9618+[2607-f388-2200-100-1270-fdff-fe56-bc04]-9618&alias=build4002.chtc.wisc.edu&noUDP&sock=startd_2072560_59af>
	SlotName: interactive3_1@build4002.chtc.wisc.edu
	CondorScratchDir = "/var/lib/condor/execute/slot3/dir_1664581"
	Cpus = 1
	Disk = 27422600
	GPUs = 0
	IoHeavy = 0
	Memory = 25600
...
006 (130167.000.000) 2024-03-21 00:20:28 Image size of job updated: 1500
	1  -  MemoryUsage of job (MB)
	244  -  ResidentSetSize of job (KB)
...
006 (130167.000.000) 2024-03-21 00:20:32 Image size of job updated: 2592
	4  -  MemoryUsage of job (MB)
	3700  -  ResidentSetSize of job (KB)
...
006 (130167.000.000) 2024-03-21 00:22:49 Image size of job updated: 3735464
	2995  -  MemoryUsage of job (MB)
	3065872  -  ResidentSetSize of job (KB)
...
040 (130167.000.000) 2024-03-21 00:22:49 Started transferring output files
...
040 (130167.000.000) 2024-03-21 00:22:49 Finished transferring output files
...
005 (130167.000.000) 2024-03-21 00:22:49 Job terminated.
	(1) Normal termination (return value 255)
		Usr 0 00:00:58, Sys 0 00:00:22  -  Run Remote Usage
		Usr 0 00:00:00, Sys 0 00:00:00  -  Run Local Usage
		Usr 0 00:00:58, Sys 0 00:00:22  -  Total Remote Usage
		Usr 0 00:00:00, Sys 0 00:00:00  -  Total Local Usage
	13475  -  Run Bytes Sent By Job
	84252840  -  Run Bytes Received By Job
	13475  -  Total Bytes Sent By Job
	84252840  -  Total Bytes Received By Job
	Partitionable Resources :    Usage  Request Allocated 
	   Cpus                 :        0        1         1 
	   Disk (KB)            :  4141132 26214400  27422600 
	   GPUs                 :                           0 
	   IoHeavy              :                           0 
	   Memory (MB)          :     2995    25600     25600 
	   TimeExecute (s)      :      149                    
	   TimeSlotBusy (s)     :      150                    

	Job terminated of its own accord at 2024-03-21T05:20:32Z with signal 15.
...
