000 (130139.000.000) 2024-03-20 23:03:22 Job submitted from host: <128.105.68.112:9618?addrs=128.105.68.112-9618+[2607-f388-2200-100-eaeb-d3ff-fea3-4202]-9618&alias=ap2001.chtc.wisc.edu&noUDP&sock=schedd_7724_999b>
...
040 (130139.000.000) 2024-03-20 23:03:29 Started transferring input files
	Transferring to host: <128.105.69.192:9618?addrs=128.105.69.192-9618+[2607-f388-2200-100-1270-fdff-fe56-bc04]-9618&alias=build4002.chtc.wisc.edu&noUDP&sock=interactive3_1_1237677_2973_61229>
...
040 (130139.000.000) 2024-03-20 23:03:29 Finished transferring input files
...
001 (130139.000.000) 2024-03-20 23:03:32 Job executing on host: <128.105.69.192:9618?addrs=128.105.69.192-9618+[2607-f388-2200-100-1270-fdff-fe56-bc04]-9618&alias=build4002.chtc.wisc.edu&noUDP&sock=startd_2072560_59af>
	SlotName: interactive3_1@build4002.chtc.wisc.edu
	CondorScratchDir = "/var/lib/condor/execute/slot3/dir_408534"
	Cpus = 1
	Disk = 27422600
	GPUs = 0
	IoHeavy = 0
	Memory = 25600
...
006 (130139.000.000) 2024-03-20 23:03:40 Image size of job updated: 1500
	1  -  MemoryUsage of job (MB)
	240  -  ResidentSetSize of job (KB)
...
006 (130139.000.000) 2024-03-20 23:03:42 Image size of job updated: 3248
	5  -  MemoryUsage of job (MB)
	4220  -  ResidentSetSize of job (KB)
...
006 (130139.000.000) 2024-03-20 23:04:11 Image size of job updated: 12660
	5  -  MemoryUsage of job (MB)
	4888  -  ResidentSetSize of job (KB)
...
040 (130139.000.000) 2024-03-20 23:04:11 Started transferring output files
...
040 (130139.000.000) 2024-03-20 23:04:11 Finished transferring output files
...
005 (130139.000.000) 2024-03-20 23:04:11 Job terminated.
	(1) Normal termination (return value 255)
		Usr 0 00:00:00, Sys 0 00:00:02  -  Run Remote Usage
		Usr 0 00:00:00, Sys 0 00:00:00  -  Run Local Usage
		Usr 0 00:00:00, Sys 0 00:00:02  -  Total Remote Usage
		Usr 0 00:00:00, Sys 0 00:00:00  -  Total Local Usage
	0  -  Run Bytes Sent By Job
	84239152  -  Run Bytes Received By Job
	0  -  Total Bytes Sent By Job
	84239152  -  Total Bytes Received By Job
	Partitionable Resources :    Usage  Request Allocated 
	   Cpus                 :                 1         1 
	   Disk (KB)            :    82283 26214400  27422600 
	   GPUs                 :                           0 
	   IoHeavy              :                           0 
	   Memory (MB)          :        5    25600     25600 
	   TimeExecute (s)      :       39                    
	   TimeSlotBusy (s)     :       45                    

	Job terminated of its own accord at 2024-03-21T04:03:42Z with signal 15.
...
