000 (130166.000.000) 2024-03-21 00:16:17 Job submitted from host: <128.105.68.112:9618?addrs=128.105.68.112-9618+[2607-f388-2200-100-eaeb-d3ff-fea3-4202]-9618&alias=ap2001.chtc.wisc.edu&noUDP&sock=schedd_7724_999b>
...
040 (130166.000.000) 2024-03-21 00:16:22 Started transferring input files
	Transferring to host: <128.105.69.192:9618?addrs=128.105.69.192-9618+[2607-f388-2200-100-1270-fdff-fe56-bc04]-9618&alias=build4002.chtc.wisc.edu&noUDP&sock=interactive3_1_1237677_2973_61657>
...
040 (130166.000.000) 2024-03-21 00:16:22 Finished transferring input files
...
001 (130166.000.000) 2024-03-21 00:16:22 Job executing on host: <128.105.69.192:9618?addrs=128.105.69.192-9618+[2607-f388-2200-100-1270-fdff-fe56-bc04]-9618&alias=build4002.chtc.wisc.edu&noUDP&sock=startd_2072560_59af>
	SlotName: interactive3_1@build4002.chtc.wisc.edu
	CondorScratchDir = "/var/lib/condor/execute/slot3/dir_1609875"
	Cpus = 1
	Disk = 27422600
	GPUs = 0
	IoHeavy = 0
	Memory = 25600
...
006 (130166.000.000) 2024-03-21 00:16:31 Image size of job updated: 1500
	0  -  MemoryUsage of job (MB)
	0  -  ResidentSetSize of job (KB)
...
006 (130166.000.000) 2024-03-21 00:16:36 Image size of job updated: 3108
	5  -  MemoryUsage of job (MB)
	4292  -  ResidentSetSize of job (KB)
...
006 (130166.000.000) 2024-03-21 00:19:57 Image size of job updated: 3705824
	2994  -  MemoryUsage of job (MB)
	3064892  -  ResidentSetSize of job (KB)
...
040 (130166.000.000) 2024-03-21 00:19:57 Started transferring output files
...
040 (130166.000.000) 2024-03-21 00:19:57 Finished transferring output files
...
005 (130166.000.000) 2024-03-21 00:19:58 Job terminated.
	(1) Normal termination (return value 255)
		Usr 0 00:00:53, Sys 0 00:00:21  -  Run Remote Usage
		Usr 0 00:00:00, Sys 0 00:00:00  -  Run Local Usage
		Usr 0 00:00:53, Sys 0 00:00:21  -  Total Remote Usage
		Usr 0 00:00:00, Sys 0 00:00:00  -  Total Local Usage
	13354  -  Run Bytes Sent By Job
	84252896  -  Run Bytes Received By Job
	13354  -  Total Bytes Sent By Job
	84252896  -  Total Bytes Received By Job
	Partitionable Resources :    Usage  Request Allocated 
	   Cpus                 :        0        1         1 
	   Disk (KB)            :  4141186 26214400  27422600 
	   GPUs                 :                           0 
	   IoHeavy              :                           0 
	   Memory (MB)          :     2994    25600     25600 
	   TimeExecute (s)      :      215                    
	   TimeSlotBusy (s)     :      217                    

	Job terminated of its own accord at 2024-03-21T05:16:36Z with signal 15.
...
