000 (130151.000.000) 2024-03-20 23:29:01 Job submitted from host: <128.105.68.112:9618?addrs=128.105.68.112-9618+[2607-f388-2200-100-eaeb-d3ff-fea3-4202]-9618&alias=ap2001.chtc.wisc.edu&noUDP&sock=schedd_7724_999b>
...
040 (130151.000.000) 2024-03-20 23:29:09 Started transferring input files
	Transferring to host: <128.105.69.192:9618?addrs=128.105.69.192-9618+[2607-f388-2200-100-1270-fdff-fe56-bc04]-9618&alias=build4002.chtc.wisc.edu&noUDP&sock=interactive3_1_1237677_2973_61365>
...
040 (130151.000.000) 2024-03-20 23:29:09 Finished transferring input files
...
001 (130151.000.000) 2024-03-20 23:29:09 Job executing on host: <128.105.69.192:9618?addrs=128.105.69.192-9618+[2607-f388-2200-100-1270-fdff-fe56-bc04]-9618&alias=build4002.chtc.wisc.edu&noUDP&sock=startd_2072560_59af>
	SlotName: interactive3_1@build4002.chtc.wisc.edu
	CondorScratchDir = "/var/lib/condor/execute/slot3/dir_872165"
	Cpus = 1
	Disk = 27422600
	GPUs = 0
	IoHeavy = 0
	Memory = 25600
...
006 (130151.000.000) 2024-03-20 23:29:17 Image size of job updated: 1500
	1  -  MemoryUsage of job (MB)
	52  -  ResidentSetSize of job (KB)
...
006 (130151.000.000) 2024-03-20 23:29:19 Image size of job updated: 3080
	4  -  MemoryUsage of job (MB)
	3904  -  ResidentSetSize of job (KB)
...
006 (130151.000.000) 2024-03-20 23:32:48 Image size of job updated: 3760028
	2993  -  MemoryUsage of job (MB)
	3064664  -  ResidentSetSize of job (KB)
...
040 (130151.000.000) 2024-03-20 23:32:48 Started transferring output files
...
040 (130151.000.000) 2024-03-20 23:32:48 Finished transferring output files
...
005 (130151.000.000) 2024-03-20 23:32:48 Job terminated.
	(1) Normal termination (return value 255)
		Usr 0 00:00:44, Sys 0 00:00:18  -  Run Remote Usage
		Usr 0 00:00:00, Sys 0 00:00:00  -  Run Local Usage
		Usr 0 00:00:44, Sys 0 00:00:18  -  Total Remote Usage
		Usr 0 00:00:00, Sys 0 00:00:00  -  Total Local Usage
	113  -  Run Bytes Sent By Job
	84239352  -  Run Bytes Received By Job
	113  -  Total Bytes Sent By Job
	84239352  -  Total Bytes Received By Job
	Partitionable Resources :    Usage  Request Allocated 
	   Cpus                 :        0        1         1 
	   Disk (KB)            :  4141157 26214400  27422600 
	   GPUs                 :                           0 
	   IoHeavy              :                           0 
	   Memory (MB)          :     2993    25600     25600 
	   TimeExecute (s)      :      219                    
	   TimeSlotBusy (s)     :      222                    

	Job terminated of its own accord at 2024-03-21T04:29:19Z with signal 15.
...
