000 (131483.000.000) 2024-03-25 23:33:49 Job submitted from host: <128.105.68.112:9618?addrs=128.105.68.112-9618+[2607-f388-2200-100-eaeb-d3ff-fea3-4202]-9618&alias=ap2001.chtc.wisc.edu&noUDP&sock=schedd_10972_7536>
...
040 (131483.000.000) 2024-03-26 02:03:43 Started transferring input files
	Transferring to host: <128.105.69.183:9618?addrs=128.105.69.183-9618+[2607-f388-2200-100-1270-fdff-fe56-b9c4]-9618&alias=e2566.chtc.wisc.edu&noUDP&sock=slot1_25_1344479_d52a_52459>
...
040 (131483.000.000) 2024-03-26 02:03:44 Finished transferring input files
...
001 (131483.000.000) 2024-03-26 02:03:44 Job executing on host: <128.105.69.183:9618?addrs=128.105.69.183-9618+[2607-f388-2200-100-1270-fdff-fe56-b9c4]-9618&alias=e2566.chtc.wisc.edu&noUDP&sock=startd_12700_b8dd>
	SlotName: slot1_25@e2566.chtc.wisc.edu
	CondorScratchDir = "/var/lib/condor/execute/slot1/dir_2473807"
	Cpus = 1
	Disk = 27788539
	IoHeavy = 0
	Memory = 25600
...
006 (131483.000.000) 2024-03-26 02:03:52 Image size of job updated: 524044
	512  -  MemoryUsage of job (MB)
	524044  -  ResidentSetSize of job (KB)
...
006 (131483.000.000) 2024-03-26 02:05:04 Image size of job updated: 3269092
	2599  -  MemoryUsage of job (MB)
	2660900  -  ResidentSetSize of job (KB)
...
040 (131483.000.000) 2024-03-26 02:05:30 Started transferring output files
...
040 (131483.000.000) 2024-03-26 02:05:30 Finished transferring output files
...
005 (131483.000.000) 2024-03-26 02:05:30 Job terminated.
	(1) Normal termination (return value 1)
		Usr 0 00:00:54, Sys 0 00:00:18  -  Run Remote Usage
		Usr 0 00:00:00, Sys 0 00:00:00  -  Run Local Usage
		Usr 0 00:00:54, Sys 0 00:00:18  -  Total Remote Usage
		Usr 0 00:00:00, Sys 0 00:00:00  -  Total Local Usage
	102674  -  Run Bytes Sent By Job
	84271656  -  Run Bytes Received By Job
	102674  -  Total Bytes Sent By Job
	84271656  -  Total Bytes Received By Job
	Partitionable Resources :    Usage  Request Allocated 
	   Cpus                 :                 1         1 
	   Disk (KB)            :  4145787 26214400  27788539 
	   IoHeavy              :                           0 
	   Memory (MB)          :     2599    25600     25600 
	   TimeExecute (s)      :       80                    
	   TimeSlotBusy (s)     :      107                    

	Job terminated of its own accord at 2024-03-26T07:05:04Z with exit-code 1.
...
